2016-06-21 21:50:00.860+0000 INFO  Starting...
2016-06-21 21:50:01.602+0000 INFO  Bolt enabled on localhost:7472.
2016-06-21 21:50:03.980+0000 INFO  Started.
2016-06-21 21:50:04.744+0000 WARN  FAILED ServerConnector@37fa9f05{HTTP/1.1}{localhost:7474}: java.net.BindException: Address already in use Address already in use
java.net.BindException: Address already in use
	at sun.nio.ch.Net.bind0(Native Method)
	at sun.nio.ch.Net.bind(Net.java:433)
	at sun.nio.ch.Net.bind(Net.java:425)
	at sun.nio.ch.ServerSocketChannelImpl.bind(ServerSocketChannelImpl.java:223)
	at sun.nio.ch.ServerSocketAdaptor.bind(ServerSocketAdaptor.java:74)
	at org.eclipse.jetty.server.ServerConnector.open(ServerConnector.java:321)
	at org.eclipse.jetty.server.AbstractNetworkConnector.doStart(AbstractNetworkConnector.java:80)
	at org.eclipse.jetty.server.ServerConnector.doStart(ServerConnector.java:236)
	at org.eclipse.jetty.util.component.AbstractLifeCycle.start(AbstractLifeCycle.java:68)
	at org.eclipse.jetty.server.Server.doStart(Server.java:366)
	at org.eclipse.jetty.util.component.AbstractLifeCycle.start(AbstractLifeCycle.java:68)
	at org.neo4j.server.web.Jetty9WebServer.startJetty(Jetty9WebServer.java:353)
	at org.neo4j.server.web.Jetty9WebServer.start(Jetty9WebServer.java:168)
	at org.neo4j.server.AbstractNeoServer.startWebServer(AbstractNeoServer.java:316)
	at org.neo4j.server.AbstractNeoServer.start(AbstractNeoServer.java:208)
	at org.neo4j.server.ServerBootstrapper.start(ServerBootstrapper.java:87)
	at org.neo4j.server.ServerBootstrapper.start(ServerBootstrapper.java:66)
	at org.neo4j.server.CommunityEntryPoint.main(CommunityEntryPoint.java:28)
2016-06-21 21:50:04.744+0000 WARN  FAILED org.eclipse.jetty.server.Server@16976928: java.net.BindException: Address already in use Address already in use
java.net.BindException: Address already in use
	at sun.nio.ch.Net.bind0(Native Method)
	at sun.nio.ch.Net.bind(Net.java:433)
	at sun.nio.ch.Net.bind(Net.java:425)
	at sun.nio.ch.ServerSocketChannelImpl.bind(ServerSocketChannelImpl.java:223)
	at sun.nio.ch.ServerSocketAdaptor.bind(ServerSocketAdaptor.java:74)
	at org.eclipse.jetty.server.ServerConnector.open(ServerConnector.java:321)
	at org.eclipse.jetty.server.AbstractNetworkConnector.doStart(AbstractNetworkConnector.java:80)
	at org.eclipse.jetty.server.ServerConnector.doStart(ServerConnector.java:236)
	at org.eclipse.jetty.util.component.AbstractLifeCycle.start(AbstractLifeCycle.java:68)
	at org.eclipse.jetty.server.Server.doStart(Server.java:366)
	at org.eclipse.jetty.util.component.AbstractLifeCycle.start(AbstractLifeCycle.java:68)
	at org.neo4j.server.web.Jetty9WebServer.startJetty(Jetty9WebServer.java:353)
	at org.neo4j.server.web.Jetty9WebServer.start(Jetty9WebServer.java:168)
	at org.neo4j.server.AbstractNeoServer.startWebServer(AbstractNeoServer.java:316)
	at org.neo4j.server.AbstractNeoServer.start(AbstractNeoServer.java:208)
	at org.neo4j.server.ServerBootstrapper.start(ServerBootstrapper.java:87)
	at org.neo4j.server.ServerBootstrapper.start(ServerBootstrapper.java:66)
	at org.neo4j.server.CommunityEntryPoint.main(CommunityEntryPoint.java:28)
2016-06-21 21:50:04.745+0000 ERROR Failed to start Neo4j on localhost:7474: Address localhost:7474 is already in use, cannot bind to it.
2016-06-21 21:50:04.745+0000 INFO  Stopping...
2016-06-21 21:50:04.785+0000 INFO  Stopped.
2016-06-21 21:50:04.787+0000 ERROR Failed to start Neo4j: Starting Neo4j failed: Address localhost:7474 is already in use, cannot bind to it. Starting Neo4j failed: Address localhost:7474 is already in use, cannot bind to it.
org.neo4j.server.ServerStartupException: Starting Neo4j failed: Address localhost:7474 is already in use, cannot bind to it.
	at org.neo4j.server.exception.ServerStartupErrors.translateToServerStartupError(ServerStartupErrors.java:68)
	at org.neo4j.server.AbstractNeoServer.start(AbstractNeoServer.java:217)
	at org.neo4j.server.ServerBootstrapper.start(ServerBootstrapper.java:87)
	at org.neo4j.server.ServerBootstrapper.start(ServerBootstrapper.java:66)
	at org.neo4j.server.CommunityEntryPoint.main(CommunityEntryPoint.java:28)
Caused by: org.neo4j.helpers.PortBindException: Address localhost:7474 is already in use, cannot bind to it.
	at sun.nio.ch.Net.bind0(Native Method)
	at sun.nio.ch.Net.bind(Net.java:433)
	at sun.nio.ch.Net.bind(Net.java:425)
	at sun.nio.ch.ServerSocketChannelImpl.bind(ServerSocketChannelImpl.java:223)
	at sun.nio.ch.ServerSocketAdaptor.bind(ServerSocketAdaptor.java:74)
	at org.eclipse.jetty.server.ServerConnector.open(ServerConnector.java:321)
	at org.eclipse.jetty.server.AbstractNetworkConnector.doStart(AbstractNetworkConnector.java:80)
	at org.eclipse.jetty.server.ServerConnector.doStart(ServerConnector.java:236)
	at org.eclipse.jetty.util.component.AbstractLifeCycle.start(AbstractLifeCycle.java:68)
	at org.eclipse.jetty.server.Server.doStart(Server.java:366)
	at org.eclipse.jetty.util.component.AbstractLifeCycle.start(AbstractLifeCycle.java:68)
	at org.neo4j.server.web.Jetty9WebServer.startJetty(Jetty9WebServer.java:353)
	at org.neo4j.server.web.Jetty9WebServer.start(Jetty9WebServer.java:168)
	at org.neo4j.server.AbstractNeoServer.startWebServer(AbstractNeoServer.java:316)
	at org.neo4j.server.AbstractNeoServer.start(AbstractNeoServer.java:208)
	... 3 more
2016-06-22 15:44:59.586+0000 INFO  Starting...
2016-06-22 15:45:00.166+0000 INFO  Bolt enabled on localhost:7473.
2016-06-22 15:45:00.962+0000 ERROR Failed to start Neo4j: Starting Neo4j failed: Component 'org.neo4j.server.database.LifecycleManagingDatabase@2d68150c' was successfully initialized, but failed to start. Please see attached cause exception. Starting Neo4j failed: Component 'org.neo4j.server.database.LifecycleManagingDatabase@2d68150c' was successfully initialized, but failed to start. Please see attached cause exception.
org.neo4j.server.ServerStartupException: Starting Neo4j failed: Component 'org.neo4j.server.database.LifecycleManagingDatabase@2d68150c' was successfully initialized, but failed to start. Please see attached cause exception.
	at org.neo4j.server.exception.ServerStartupErrors.translateToServerStartupError(ServerStartupErrors.java:68)
	at org.neo4j.server.AbstractNeoServer.start(AbstractNeoServer.java:217)
	at org.neo4j.server.ServerBootstrapper.start(ServerBootstrapper.java:87)
	at org.neo4j.server.ServerBootstrapper.start(ServerBootstrapper.java:66)
	at org.neo4j.server.CommunityEntryPoint.main(CommunityEntryPoint.java:28)
Caused by: org.neo4j.kernel.lifecycle.LifecycleException: Component 'org.neo4j.server.database.LifecycleManagingDatabase@2d68150c' was successfully initialized, but failed to start. Please see attached cause exception.
	at org.neo4j.kernel.lifecycle.LifeSupport$LifecycleInstance.start(LifeSupport.java:444)
	at org.neo4j.kernel.lifecycle.LifeSupport.start(LifeSupport.java:107)
	at org.neo4j.server.AbstractNeoServer.start(AbstractNeoServer.java:189)
	... 3 more
Caused by: java.lang.RuntimeException: Error starting org.neo4j.kernel.impl.factory.CommunityFacadeFactory, /Users/a1197564/Desktop/ProductCompatibilityAPI/productcompatibilityapi/db/neo4j/development/data/databases/graph.db
	at org.neo4j.kernel.impl.factory.GraphDatabaseFacadeFactory.newFacade(GraphDatabaseFacadeFactory.java:144)
	at org.neo4j.kernel.impl.factory.CommunityFacadeFactory.newFacade(CommunityFacadeFactory.java:40)
	at org.neo4j.kernel.impl.factory.GraphDatabaseFacadeFactory.newFacade(GraphDatabaseFacadeFactory.java:108)
	at org.neo4j.server.CommunityNeoServer.lambda$static$31(CommunityNeoServer.java:55)
	at org.neo4j.server.database.LifecycleManagingDatabase.start(LifecycleManagingDatabase.java:89)
	at org.neo4j.kernel.lifecycle.LifeSupport$LifecycleInstance.start(LifeSupport.java:434)
	... 5 more
Caused by: org.neo4j.kernel.lifecycle.LifecycleException: Component 'org.neo4j.bolt.transport.NettyServer@40c77bf6' was successfully initialized, but failed to start. Please see attached cause exception.
	at org.neo4j.kernel.lifecycle.LifeSupport$LifecycleInstance.start(LifeSupport.java:444)
	at org.neo4j.kernel.lifecycle.LifeSupport.start(LifeSupport.java:107)
	at org.neo4j.kernel.lifecycle.LifeSupport$LifecycleInstance.start(LifeSupport.java:434)
	at org.neo4j.kernel.lifecycle.LifeSupport.start(LifeSupport.java:107)
	at org.neo4j.kernel.extension.KernelExtensions.start(KernelExtensions.java:86)
	at org.neo4j.kernel.lifecycle.LifeSupport$LifecycleInstance.start(LifeSupport.java:434)
	at org.neo4j.kernel.lifecycle.LifeSupport.start(LifeSupport.java:107)
	at org.neo4j.kernel.impl.factory.GraphDatabaseFacadeFactory.newFacade(GraphDatabaseFacadeFactory.java:140)
	... 10 more
Caused by: org.neo4j.helpers.PortBindException: Address localhost:7473 is already in use, cannot bind to it.
	at sun.nio.ch.Net.bind0(Native Method)
	at sun.nio.ch.Net.bind(Net.java:433)
	at sun.nio.ch.Net.bind(Net.java:425)
	at sun.nio.ch.ServerSocketChannelImpl.bind(ServerSocketChannelImpl.java:223)
	at sun.nio.ch.ServerSocketAdaptor.bind(ServerSocketAdaptor.java:74)
	at io.netty.channel.socket.nio.NioServerSocketChannel.doBind(NioServerSocketChannel.java:125)
	at io.netty.channel.AbstractChannel$AbstractUnsafe.bind(AbstractChannel.java:485)
	at io.netty.channel.DefaultChannelPipeline$HeadContext.bind(DefaultChannelPipeline.java:1089)
	at io.netty.channel.AbstractChannelHandlerContext.invokeBind(AbstractChannelHandlerContext.java:430)
	at io.netty.channel.AbstractChannelHandlerContext.bind(AbstractChannelHandlerContext.java:415)
	at io.netty.channel.DefaultChannelPipeline.bind(DefaultChannelPipeline.java:903)
	at io.netty.channel.AbstractChannel.bind(AbstractChannel.java:198)
	at io.netty.bootstrap.AbstractBootstrap$2.run(AbstractBootstrap.java:348)
	at io.netty.util.concurrent.SingleThreadEventExecutor.runAllTasks(SingleThreadEventExecutor.java:357)
	at io.netty.channel.nio.NioEventLoop.run(NioEventLoop.java:357)
	at io.netty.util.concurrent.SingleThreadEventExecutor$2.run(SingleThreadEventExecutor.java:111)
	at java.lang.Thread.run(Thread.java:745)
2016-06-22 15:46:16.610+0000 INFO  Starting...
2016-06-22 15:46:17.203+0000 INFO  Bolt enabled on localhost:7473.
2016-06-22 15:46:18.011+0000 ERROR Failed to start Neo4j: Starting Neo4j failed: Component 'org.neo4j.server.database.LifecycleManagingDatabase@2d68150c' was successfully initialized, but failed to start. Please see attached cause exception. Starting Neo4j failed: Component 'org.neo4j.server.database.LifecycleManagingDatabase@2d68150c' was successfully initialized, but failed to start. Please see attached cause exception.
org.neo4j.server.ServerStartupException: Starting Neo4j failed: Component 'org.neo4j.server.database.LifecycleManagingDatabase@2d68150c' was successfully initialized, but failed to start. Please see attached cause exception.
	at org.neo4j.server.exception.ServerStartupErrors.translateToServerStartupError(ServerStartupErrors.java:68)
	at org.neo4j.server.AbstractNeoServer.start(AbstractNeoServer.java:217)
	at org.neo4j.server.ServerBootstrapper.start(ServerBootstrapper.java:87)
	at org.neo4j.server.ServerBootstrapper.start(ServerBootstrapper.java:66)
	at org.neo4j.server.CommunityEntryPoint.main(CommunityEntryPoint.java:28)
Caused by: org.neo4j.kernel.lifecycle.LifecycleException: Component 'org.neo4j.server.database.LifecycleManagingDatabase@2d68150c' was successfully initialized, but failed to start. Please see attached cause exception.
	at org.neo4j.kernel.lifecycle.LifeSupport$LifecycleInstance.start(LifeSupport.java:444)
	at org.neo4j.kernel.lifecycle.LifeSupport.start(LifeSupport.java:107)
	at org.neo4j.server.AbstractNeoServer.start(AbstractNeoServer.java:189)
	... 3 more
Caused by: java.lang.RuntimeException: Error starting org.neo4j.kernel.impl.factory.CommunityFacadeFactory, /Users/a1197564/Desktop/ProductCompatibilityAPI/productcompatibilityapi/db/neo4j/development/data/databases/graph.db
	at org.neo4j.kernel.impl.factory.GraphDatabaseFacadeFactory.newFacade(GraphDatabaseFacadeFactory.java:144)
	at org.neo4j.kernel.impl.factory.CommunityFacadeFactory.newFacade(CommunityFacadeFactory.java:40)
	at org.neo4j.kernel.impl.factory.GraphDatabaseFacadeFactory.newFacade(GraphDatabaseFacadeFactory.java:108)
	at org.neo4j.server.CommunityNeoServer.lambda$static$31(CommunityNeoServer.java:55)
	at org.neo4j.server.database.LifecycleManagingDatabase.start(LifecycleManagingDatabase.java:89)
	at org.neo4j.kernel.lifecycle.LifeSupport$LifecycleInstance.start(LifeSupport.java:434)
	... 5 more
Caused by: org.neo4j.kernel.lifecycle.LifecycleException: Component 'org.neo4j.bolt.transport.NettyServer@40c77bf6' was successfully initialized, but failed to start. Please see attached cause exception.
	at org.neo4j.kernel.lifecycle.LifeSupport$LifecycleInstance.start(LifeSupport.java:444)
	at org.neo4j.kernel.lifecycle.LifeSupport.start(LifeSupport.java:107)
	at org.neo4j.kernel.lifecycle.LifeSupport$LifecycleInstance.start(LifeSupport.java:434)
	at org.neo4j.kernel.lifecycle.LifeSupport.start(LifeSupport.java:107)
	at org.neo4j.kernel.extension.KernelExtensions.start(KernelExtensions.java:86)
	at org.neo4j.kernel.lifecycle.LifeSupport$LifecycleInstance.start(LifeSupport.java:434)
	at org.neo4j.kernel.lifecycle.LifeSupport.start(LifeSupport.java:107)
	at org.neo4j.kernel.impl.factory.GraphDatabaseFacadeFactory.newFacade(GraphDatabaseFacadeFactory.java:140)
	... 10 more
Caused by: org.neo4j.helpers.PortBindException: Address localhost:7473 is already in use, cannot bind to it.
	at sun.nio.ch.Net.bind0(Native Method)
	at sun.nio.ch.Net.bind(Net.java:433)
	at sun.nio.ch.Net.bind(Net.java:425)
	at sun.nio.ch.ServerSocketChannelImpl.bind(ServerSocketChannelImpl.java:223)
	at sun.nio.ch.ServerSocketAdaptor.bind(ServerSocketAdaptor.java:74)
	at io.netty.channel.socket.nio.NioServerSocketChannel.doBind(NioServerSocketChannel.java:125)
	at io.netty.channel.AbstractChannel$AbstractUnsafe.bind(AbstractChannel.java:485)
	at io.netty.channel.DefaultChannelPipeline$HeadContext.bind(DefaultChannelPipeline.java:1089)
	at io.netty.channel.AbstractChannelHandlerContext.invokeBind(AbstractChannelHandlerContext.java:430)
	at io.netty.channel.AbstractChannelHandlerContext.bind(AbstractChannelHandlerContext.java:415)
	at io.netty.channel.DefaultChannelPipeline.bind(DefaultChannelPipeline.java:903)
	at io.netty.channel.AbstractChannel.bind(AbstractChannel.java:198)
	at io.netty.bootstrap.AbstractBootstrap$2.run(AbstractBootstrap.java:348)
	at io.netty.util.concurrent.SingleThreadEventExecutor.runAllTasks(SingleThreadEventExecutor.java:357)
	at io.netty.channel.nio.NioEventLoop.run(NioEventLoop.java:357)
	at io.netty.util.concurrent.SingleThreadEventExecutor$2.run(SingleThreadEventExecutor.java:111)
	at java.lang.Thread.run(Thread.java:745)
2016-06-22 15:50:44.131+0000 INFO  Starting...
2016-06-22 15:50:44.768+0000 INFO  Bolt enabled on localhost:7473.
2016-06-22 15:50:46.641+0000 INFO  Started.
2016-06-22 15:50:47.386+0000 INFO  Remote interface available at http://localhost:7475/
2016-06-22 15:57:15.695+0000 INFO  Neo4j Server shutdown initiated by request
2016-06-22 15:57:15.706+0000 INFO  Stopping...
2016-06-22 15:57:15.723+0000 INFO  Stopped.
2016-06-22 15:57:17.215+0000 INFO  Starting...
2016-06-22 15:57:17.825+0000 INFO  Bolt enabled on localhost:7473.
2016-06-22 15:57:19.772+0000 INFO  Started.
2016-06-22 15:57:20.461+0000 INFO  Remote interface available at http://localhost:7475/
2016-06-22 15:58:29.819+0000 INFO  Neo4j Server shutdown initiated by request
2016-06-22 15:58:29.827+0000 INFO  Stopping...
2016-06-22 15:58:29.844+0000 INFO  Stopped.
2016-06-22 15:58:31.329+0000 INFO  Starting...
2016-06-22 15:58:32.267+0000 INFO  Bolt enabled on localhost:7473.
2016-06-22 15:58:34.147+0000 INFO  Started.
2016-06-22 15:58:34.847+0000 INFO  Remote interface available at http://localhost:7475/
2016-06-22 15:59:11.114+0000 INFO  Neo4j Server shutdown initiated by request
2016-06-22 15:59:11.124+0000 INFO  Stopping...
2016-06-22 15:59:11.141+0000 INFO  Stopped.
2016-06-22 16:00:14.900+0000 INFO  Starting...
2016-06-22 16:00:15.489+0000 INFO  Bolt enabled on localhost:7472.
2016-06-22 16:00:17.329+0000 INFO  Started.
2016-06-22 16:00:18.016+0000 INFO  Remote interface available at http://localhost:7474/
2016-06-22 18:01:31.549+0000 INFO  Neo4j Server shutdown initiated by request
2016-06-22 18:01:31.557+0000 INFO  Stopping...
Exception in thread "Thread-15" java.lang.RuntimeException: org.neo4j.kernel.lifecycle.LifecycleException: Component 'org.neo4j.kernel.NeoStoreDataSource@25423ed5' failed to stop. Please see attached cause exception.
	at org.neo4j.helpers.RunCarefully.run(RunCarefully.java:57)
	at org.neo4j.server.AbstractNeoServer.stop(AbstractNeoServer.java:436)
	at org.neo4j.server.ServerBootstrapper$1.run(ServerBootstrapper.java:176)
Caused by: org.neo4j.kernel.lifecycle.LifecycleException: Component 'org.neo4j.kernel.NeoStoreDataSource@25423ed5' failed to stop. Please see attached cause exception.
	at org.neo4j.kernel.lifecycle.LifeSupport$LifecycleInstance.stop(LifeSupport.java:466)
	at org.neo4j.kernel.lifecycle.LifeSupport.stopInstances(LifeSupport.java:161)
	at org.neo4j.kernel.lifecycle.LifeSupport.stop(LifeSupport.java:143)
	at org.neo4j.kernel.impl.transaction.state.DataSourceManager.stop(DataSourceManager.java:119)
	at org.neo4j.kernel.lifecycle.LifeSupport$LifecycleInstance.stop(LifeSupport.java:458)
	at org.neo4j.kernel.lifecycle.LifeSupport.stopInstances(LifeSupport.java:161)
	at org.neo4j.kernel.lifecycle.LifeSupport.stop(LifeSupport.java:143)
	at org.neo4j.kernel.lifecycle.LifeSupport.shutdown(LifeSupport.java:191)
	at org.neo4j.kernel.impl.factory.ClassicCoreSPI.shutdown(ClassicCoreSPI.java:158)
	at org.neo4j.kernel.impl.factory.GraphDatabaseFacade.shutdown(GraphDatabaseFacade.java:324)
	at org.neo4j.server.database.LifecycleManagingDatabase.stop(LifecycleManagingDatabase.java:106)
	at org.neo4j.kernel.lifecycle.LifeSupport$LifecycleInstance.stop(LifeSupport.java:458)
	at org.neo4j.kernel.lifecycle.LifeSupport.stopInstances(LifeSupport.java:161)
	at org.neo4j.kernel.lifecycle.LifeSupport.stop(LifeSupport.java:143)
	at org.neo4j.helpers.RunCarefully.run(RunCarefully.java:47)
	... 2 more
	Suppressed: org.neo4j.kernel.lifecycle.LifecycleException: Failed to transition component 'org.neo4j.kernel.impl.pagecache.PageCacheLifecycle@716663b' from STOPPED to SHUTTING_DOWN. Please see attached cause exception
		at org.neo4j.kernel.lifecycle.LifeSupport$LifecycleInstance.shutdown(LifeSupport.java:497)
		at org.neo4j.kernel.lifecycle.LifeSupport.shutdown(LifeSupport.java:206)
		... 9 more
	Caused by: java.lang.IllegalStateException: Cannot close the PageCache while files are still mapped:
	neostore.counts.db.b (1 mapping)
	neostore (1 mapping)
	neostore.relationshipgroupstore.db (1 mapping)
	neostore.schemastore.db (1 mapping)
	neostore.labeltokenstore.db (1 mapping)
	neostore.labeltokenstore.db.names (1 mapping)
	neostore.relationshiptypestore.db (1 mapping)
	neostore.relationshiptypestore.db.names (1 mapping)
	neostore.relationshipstore.db (1 mapping)
	neostore.propertystore.db (1 mapping)
	neostore.propertystore.db.arrays (1 mapping)
	neostore.propertystore.db.strings (1 mapping)
	neostore.propertystore.db.index (1 mapping)
	neostore.propertystore.db.index.keys (1 mapping)
	neostore.nodestore.db (1 mapping)
	neostore.nodestore.db.labels (1 mapping)
		at org.neo4j.io.pagecache.impl.muninn.MuninnPageCache.close(MuninnPageCache.java:539)
		at org.neo4j.kernel.impl.pagecache.PageCacheLifecycle.shutdown(PageCacheLifecycle.java:42)
		at org.neo4j.kernel.lifecycle.LifeSupport$LifecycleInstance.shutdown(LifeSupport.java:489)
		... 10 more
Caused by: org.neo4j.kernel.impl.store.UnderlyingStorageException: java.nio.file.NoSuchFileException: /Users/a1197564/Desktop/ProductCompatibilityAPI/productcompatibilityapi/db/neo4j/development/data/databases/graph.db/schema/label/lucene/labelStore/1/write.lock
	at org.neo4j.kernel.api.impl.labelscan.LuceneLabelScanStore.force(LuceneLabelScanStore.java:117)
	at org.neo4j.kernel.impl.storageengine.impl.recordstorage.RecordStorageEngine.flushAndForce(RecordStorageEngine.java:461)
	at org.neo4j.kernel.impl.transaction.log.checkpoint.CheckPointerImpl.doCheckPoint(CheckPointerImpl.java:203)
	at org.neo4j.kernel.impl.transaction.log.checkpoint.CheckPointerImpl.forceCheckPoint(CheckPointerImpl.java:114)
	at org.neo4j.kernel.NeoStoreDataSource.stop(NeoStoreDataSource.java:889)
	at org.neo4j.kernel.lifecycle.LifeSupport$LifecycleInstance.stop(LifeSupport.java:458)
	... 16 more
Caused by: java.nio.file.NoSuchFileException: /Users/a1197564/Desktop/ProductCompatibilityAPI/productcompatibilityapi/db/neo4j/development/data/databases/graph.db/schema/label/lucene/labelStore/1/write.lock
	at sun.nio.fs.UnixException.translateToIOException(UnixException.java:86)
	at sun.nio.fs.UnixException.rethrowAsIOException(UnixException.java:102)
	at sun.nio.fs.UnixException.rethrowAsIOException(UnixException.java:107)
	at sun.nio.fs.UnixFileAttributeViews$Basic.readAttributes(UnixFileAttributeViews.java:55)
	at sun.nio.fs.UnixFileSystemProvider.readAttributes(UnixFileSystemProvider.java:144)
	at java.nio.file.Files.readAttributes(Files.java:1737)
	at org.apache.lucene.store.NativeFSLockFactory$NativeFSLock.ensureValid(NativeFSLockFactory.java:177)
	at org.apache.lucene.store.LockValidatingDirectoryWrapper.createOutput(LockValidatingDirectoryWrapper.java:43)
	at org.apache.lucene.index.SegmentInfos.write(SegmentInfos.java:516)
	at org.apache.lucene.index.SegmentInfos.prepareCommit(SegmentInfos.java:809)
	at org.apache.lucene.index.IndexWriter.startCommit(IndexWriter.java:4418)
	at org.apache.lucene.index.IndexWriter.prepareCommitInternal(IndexWriter.java:2860)
	at org.apache.lucene.index.IndexWriter.commitInternal(IndexWriter.java:2963)
	at org.apache.lucene.index.IndexWriter.commit(IndexWriter.java:2930)
	at org.neo4j.kernel.api.impl.index.AbstractLuceneIndex.flush(AbstractLuceneIndex.java:203)
	at org.neo4j.kernel.api.impl.labelscan.LuceneLabelScanStore.force(LuceneLabelScanStore.java:112)
	... 21 more
2016-06-22 18:01:33.041+0000 INFO  Starting...
2016-06-22 18:01:33.639+0000 INFO  Bolt enabled on localhost:7472.
2016-06-22 18:01:35.980+0000 INFO  Started.
2016-06-22 18:01:36.650+0000 INFO  Remote interface available at http://localhost:7474/
