2016-06-22 15:48:33.789+0000 INFO  [o.n.k.i.f.CommunityFacadeFactory] No locking implementation specified, defaulting to 'community'
2016-06-22 15:48:33.790+0000 WARN  [o.n.k.i.s.f.RecordFormatSelector] Select org.neo4j.kernel.impl.store.format.standard.StandardV3_0 as record format implementation.
2016-06-22 15:48:33.790+0000 INFO  [o.n.k.AvailabilityGuard] Requirement makes database unavailable: Database available
2016-06-22 15:48:33.791+0000 INFO  [o.n.k.i.DiagnosticsManager] --- INITIALIZED diagnostics START ---
2016-06-22 15:48:33.791+0000 INFO  [o.n.k.i.DiagnosticsManager] Neo4j Kernel properties:
2016-06-22 15:48:33.791+0000 INFO  [o.n.k.i.DiagnosticsManager] dbms.connector.http.enabled=true
2016-06-22 15:48:33.791+0000 INFO  [o.n.k.i.DiagnosticsManager] unsupported.dbms.block_size.labels=56
2016-06-22 15:48:33.791+0000 INFO  [o.n.k.i.DiagnosticsManager] dbms.security.auth_enabled=true
2016-06-22 15:48:33.791+0000 INFO  [o.n.k.i.DiagnosticsManager] dbms.connector.bolt.type=BOLT
2016-06-22 15:48:33.791+0000 INFO  [o.n.k.i.DiagnosticsManager] unsupported.dbms.directories.neo4j_home=/Users/a1197564/Desktop/ProductCompatibilityAPI/productcompatibilityapi/db/neo4j/development/data/databases/graph.db
2016-06-22 15:48:33.791+0000 INFO  [o.n.k.i.DiagnosticsManager] dbms.directories.import=import
2016-06-22 15:48:33.791+0000 INFO  [o.n.k.i.DiagnosticsManager] dbms.connector.bolt.tls_level=OPTIONAL
2016-06-22 15:48:33.791+0000 INFO  [o.n.k.i.DiagnosticsManager] dbms.shell.enabled=true
2016-06-22 15:48:33.791+0000 INFO  [o.n.k.i.DiagnosticsManager] dbms.connector.http.type=HTTP
2016-06-22 15:48:33.791+0000 INFO  [o.n.k.i.DiagnosticsManager] unsupported.dbms.directories.database=/Users/a1197564/Desktop/ProductCompatibilityAPI/productcompatibilityapi/db/neo4j/development/data/databases/graph.db
2016-06-22 15:48:33.791+0000 INFO  [o.n.k.i.DiagnosticsManager] unsupported.dbms.block_size.strings=120
2016-06-22 15:48:33.791+0000 INFO  [o.n.k.i.DiagnosticsManager] dbms.logs.http.enabled=false
2016-06-22 15:48:33.791+0000 INFO  [o.n.k.i.DiagnosticsManager] unsupported.dbms.block_size.array_properties=120
2016-06-22 15:48:33.791+0000 INFO  [o.n.k.i.DiagnosticsManager] unsupported.dbms.security.auth_store.location=data/dbms/auth
2016-06-22 15:48:33.791+0000 INFO  [o.n.k.i.DiagnosticsManager] unsupported.dbms.edition=community
2016-06-22 15:48:33.791+0000 INFO  [o.n.k.i.DiagnosticsManager] dbms.connector.bolt.enabled=true
2016-06-22 15:48:33.791+0000 INFO  [o.n.k.i.DiagnosticsManager] Diagnostics providers:
2016-06-22 15:48:33.791+0000 INFO  [o.n.k.i.DiagnosticsManager] org.neo4j.kernel.configuration.Config
2016-06-22 15:48:33.791+0000 INFO  [o.n.k.i.DiagnosticsManager] org.neo4j.kernel.info.DiagnosticsManager
2016-06-22 15:48:33.791+0000 INFO  [o.n.k.i.DiagnosticsManager] SYSTEM_MEMORY
2016-06-22 15:48:33.791+0000 INFO  [o.n.k.i.DiagnosticsManager] JAVA_MEMORY
2016-06-22 15:48:33.791+0000 INFO  [o.n.k.i.DiagnosticsManager] OPERATING_SYSTEM
2016-06-22 15:48:33.791+0000 INFO  [o.n.k.i.DiagnosticsManager] JAVA_VIRTUAL_MACHINE
2016-06-22 15:48:33.791+0000 INFO  [o.n.k.i.DiagnosticsManager] CLASSPATH
2016-06-22 15:48:33.791+0000 INFO  [o.n.k.i.DiagnosticsManager] LIBRARY_PATH
2016-06-22 15:48:33.791+0000 INFO  [o.n.k.i.DiagnosticsManager] SYSTEM_PROPERTIES
2016-06-22 15:48:33.791+0000 INFO  [o.n.k.i.DiagnosticsManager] NETWORK
2016-06-22 15:48:33.791+0000 INFO  [o.n.k.i.DiagnosticsManager] System memory information:
2016-06-22 15:48:33.792+0000 INFO  [o.n.k.i.DiagnosticsManager] Total Physical memory: 16.00 GB
2016-06-22 15:48:33.792+0000 INFO  [o.n.k.i.DiagnosticsManager] Free Physical memory: 7.51 GB
2016-06-22 15:48:33.792+0000 INFO  [o.n.k.i.DiagnosticsManager] Committed virtual memory: 9.91 GB
2016-06-22 15:48:33.792+0000 INFO  [o.n.k.i.DiagnosticsManager] Total swap space: 0.00 B
2016-06-22 15:48:33.792+0000 INFO  [o.n.k.i.DiagnosticsManager] Free swap space: 0.00 B
2016-06-22 15:48:33.792+0000 INFO  [o.n.k.i.DiagnosticsManager] JVM memory information:
2016-06-22 15:48:33.792+0000 INFO  [o.n.k.i.DiagnosticsManager] Free  memory: 205.49 MB
2016-06-22 15:48:33.792+0000 INFO  [o.n.k.i.DiagnosticsManager] Total memory: 285.50 MB
2016-06-22 15:48:33.792+0000 INFO  [o.n.k.i.DiagnosticsManager] Max   memory: 3.56 GB
2016-06-22 15:48:33.792+0000 INFO  [o.n.k.i.DiagnosticsManager] Garbage Collector: PS Scavenge: [PS Eden Space, PS Survivor Space]
2016-06-22 15:48:33.792+0000 INFO  [o.n.k.i.DiagnosticsManager] Garbage Collector: PS MarkSweep: [PS Eden Space, PS Survivor Space, PS Old Gen]
2016-06-22 15:48:33.792+0000 INFO  [o.n.k.i.DiagnosticsManager] Memory Pool: Code Cache (Non-heap memory): committed=9.38 MB, used=9.33 MB, max=240.00 MB, threshold=0.00 B
2016-06-22 15:48:33.793+0000 INFO  [o.n.k.i.DiagnosticsManager] Memory Pool: Metaspace (Non-heap memory): committed=34.88 MB, used=34.07 MB, max=-1.00 B, threshold=0.00 B
2016-06-22 15:48:33.793+0000 INFO  [o.n.k.i.DiagnosticsManager] Memory Pool: Compressed Class Space (Non-heap memory): committed=4.88 MB, used=4.64 MB, max=1.00 GB, threshold=0.00 B
2016-06-22 15:48:33.793+0000 INFO  [o.n.k.i.DiagnosticsManager] Memory Pool: PS Eden Space (Heap memory): committed=117.00 MB, used=57.20 MB, max=1.31 GB, threshold=?
2016-06-22 15:48:33.793+0000 INFO  [o.n.k.i.DiagnosticsManager] Memory Pool: PS Survivor Space (Heap memory): committed=10.00 MB, used=0.00 B, max=10.00 MB, threshold=?
2016-06-22 15:48:33.793+0000 INFO  [o.n.k.i.DiagnosticsManager] Memory Pool: PS Old Gen (Heap memory): committed=158.50 MB, used=22.80 MB, max=2.67 GB, threshold=0.00 B
2016-06-22 15:48:33.793+0000 INFO  [o.n.k.i.DiagnosticsManager] Operating system information:
2016-06-22 15:48:33.793+0000 INFO  [o.n.k.i.DiagnosticsManager] Operating System: Mac OS X; version: 10.11.5; arch: x86_64; cpus: 8
2016-06-22 15:48:33.793+0000 INFO  [o.n.k.i.DiagnosticsManager] Max number of file descriptors: 10240
2016-06-22 15:48:33.793+0000 INFO  [o.n.k.i.DiagnosticsManager] Number of open file descriptors: 100
2016-06-22 15:48:33.794+0000 INFO  [o.n.k.i.DiagnosticsManager] Process id: 18237@MACC02PF39WG3QD
2016-06-22 15:48:33.794+0000 INFO  [o.n.k.i.DiagnosticsManager] Byte order: LITTLE_ENDIAN
2016-06-22 15:48:33.794+0000 INFO  [o.n.k.i.DiagnosticsManager] Local timezone: America/Chicago
2016-06-22 15:48:33.795+0000 INFO  [o.n.k.i.DiagnosticsManager] JVM information:
2016-06-22 15:48:33.795+0000 INFO  [o.n.k.i.DiagnosticsManager] VM Name: Java HotSpot(TM) 64-Bit Server VM
2016-06-22 15:48:33.795+0000 INFO  [o.n.k.i.DiagnosticsManager] VM Vendor: Oracle Corporation
2016-06-22 15:48:33.795+0000 INFO  [o.n.k.i.DiagnosticsManager] VM Version: 25.60-b23
2016-06-22 15:48:33.795+0000 INFO  [o.n.k.i.DiagnosticsManager] JIT compiler: HotSpot 64-Bit Tiered Compilers
2016-06-22 15:48:33.795+0000 INFO  [o.n.k.i.DiagnosticsManager] VM Arguments: [-Dfile.encoding=UTF-8, -Dinstall4j.launcherId=24, -Dinstall4j.swt=false, -Dexe4j.moduleName=/Applications/Neo4j Community Edition.app, -Di4j.ownBundlePath=/Applications/Neo4j Community Edition.app, -Di4j.jreBundle=/Applications/Neo4j Community Edition.app/Contents/Resources/jre.bundle]
2016-06-22 15:48:33.795+0000 INFO  [o.n.k.i.DiagnosticsManager] Java classpath:
2016-06-22 15:48:33.797+0000 INFO  [o.n.k.i.DiagnosticsManager]  [bootstrap] /Applications/Neo4j Community Edition.app/Contents/Resources/jre.bundle/Contents/Home/jre/lib/rt.jar
2016-06-22 15:48:33.797+0000 INFO  [o.n.k.i.DiagnosticsManager]  [bootstrap] /Applications/Neo4j Community Edition.app/Contents/Resources/jre.bundle/Contents/Home/jre/lib/jce.jar
2016-06-22 15:48:33.797+0000 INFO  [o.n.k.i.DiagnosticsManager]  [loader.1] file:/Applications/Neo4j%20Community%20Edition.app/Contents/Resources/jre.bundle/Contents/Home/jre/lib/ext/jfxrt.jar
2016-06-22 15:48:33.797+0000 INFO  [o.n.k.i.DiagnosticsManager]  [bootstrap] /Applications/Neo4j Community Edition.app/Contents/Resources/jre.bundle/Contents/Home/jre/lib/charsets.jar
2016-06-22 15:48:33.797+0000 INFO  [o.n.k.i.DiagnosticsManager]  [loader.1] file:/Applications/Neo4j%20Community%20Edition.app/Contents/Resources/jre.bundle/Contents/Home/jre/lib/ext/dnsns.jar
2016-06-22 15:48:33.797+0000 INFO  [o.n.k.i.DiagnosticsManager]  [loader.1] file:/Applications/Neo4j%20Community%20Edition.app/Contents/Resources/jre.bundle/Contents/Home/jre/lib/ext/zipfs.jar
2016-06-22 15:48:33.797+0000 INFO  [o.n.k.i.DiagnosticsManager]  [classpath] /Applications/Neo4j Community Edition.app/Contents/Resources/app/.install4j/i4jruntime.jar
2016-06-22 15:48:33.797+0000 INFO  [o.n.k.i.DiagnosticsManager]  [bootstrap] /Applications/Neo4j Community Edition.app/Contents/Resources/jre.bundle/Contents/Home/jre/lib/sunrsasign.jar
2016-06-22 15:48:33.797+0000 INFO  [o.n.k.i.DiagnosticsManager]  [loader.1] file:/Applications/Neo4j%20Community%20Edition.app/Contents/Resources/jre.bundle/Contents/Home/jre/lib/ext/nashorn.jar
2016-06-22 15:48:33.797+0000 INFO  [o.n.k.i.DiagnosticsManager]  [loader.1] file:/Applications/Neo4j%20Community%20Edition.app/Contents/Resources/jre.bundle/Contents/Home/jre/lib/ext/sunec.jar
2016-06-22 15:48:33.797+0000 INFO  [o.n.k.i.DiagnosticsManager]  [loader.1] file:/Applications/Neo4j%20Community%20Edition.app/Contents/Resources/jre.bundle/Contents/Home/jre/lib/ext/cldrdata.jar
2016-06-22 15:48:33.797+0000 INFO  [o.n.k.i.DiagnosticsManager]  [bootstrap] /Applications/Neo4j Community Edition.app/Contents/Resources/jre.bundle/Contents/Home/jre/lib/jsse.jar
2016-06-22 15:48:33.797+0000 INFO  [o.n.k.i.DiagnosticsManager]  [classpath] /Applications/Neo4j Community Edition.app/Contents/Resources/app/bin/neo4j-desktop-3.0.2.jar
2016-06-22 15:48:33.797+0000 INFO  [o.n.k.i.DiagnosticsManager]  [loader.1] file:/Applications/Neo4j%20Community%20Edition.app/Contents/Resources/jre.bundle/Contents/Home/jre/lib/ext/jaccess.jar
2016-06-22 15:48:33.797+0000 INFO  [o.n.k.i.DiagnosticsManager]  [loader.0] file:/Applications/Neo4j%20Community%20Edition.app/Contents/Resources/app/bin/neo4j-desktop-3.0.2.jar
2016-06-22 15:48:33.797+0000 INFO  [o.n.k.i.DiagnosticsManager]  [loader.1] file:/Applications/Neo4j%20Community%20Edition.app/Contents/Resources/jre.bundle/Contents/Home/jre/lib/ext/localedata.jar
2016-06-22 15:48:33.797+0000 INFO  [o.n.k.i.DiagnosticsManager]  [loader.0] file:/Applications/Neo4j%20Community%20Edition.app/Contents/Resources/app/.install4j/i4jruntime.jar
2016-06-22 15:48:33.797+0000 INFO  [o.n.k.i.DiagnosticsManager]  [loader.1] file:/Applications/Neo4j%20Community%20Edition.app/Contents/Resources/jre.bundle/Contents/Home/jre/lib/ext/sunpkcs11.jar
2016-06-22 15:48:33.797+0000 INFO  [o.n.k.i.DiagnosticsManager]  [bootstrap] /Applications/Neo4j Community Edition.app/Contents/Resources/jre.bundle/Contents/Home/jre/lib/resources.jar
2016-06-22 15:48:33.797+0000 INFO  [o.n.k.i.DiagnosticsManager]  [loader.1] file:/System/Library/Java/Extensions/MRJToolkit.jar
2016-06-22 15:48:33.797+0000 INFO  [o.n.k.i.DiagnosticsManager]  [bootstrap] /Applications/Neo4j Community Edition.app/Contents/Resources/jre.bundle/Contents/Home/jre/lib/jfr.jar
2016-06-22 15:48:33.797+0000 INFO  [o.n.k.i.DiagnosticsManager]  [bootstrap] /Applications/Neo4j Community Edition.app/Contents/Resources/jre.bundle/Contents/Home/jre/classes
2016-06-22 15:48:33.797+0000 INFO  [o.n.k.i.DiagnosticsManager]  [loader.1] file:/Applications/Neo4j%20Community%20Edition.app/Contents/Resources/jre.bundle/Contents/Home/jre/lib/ext/sunjce_provider.jar
2016-06-22 15:48:33.797+0000 INFO  [o.n.k.i.DiagnosticsManager] Library path:
2016-06-22 15:48:33.797+0000 INFO  [o.n.k.i.DiagnosticsManager] /Users/a1197564/Library/Java/Extensions
2016-06-22 15:48:33.797+0000 INFO  [o.n.k.i.DiagnosticsManager] /Library/Java/Extensions
2016-06-22 15:48:33.797+0000 INFO  [o.n.k.i.DiagnosticsManager] /Network/Library/Java/Extensions
2016-06-22 15:48:33.797+0000 INFO  [o.n.k.i.DiagnosticsManager] /System/Library/Java/Extensions
2016-06-22 15:48:33.797+0000 INFO  [o.n.k.i.DiagnosticsManager] /usr/lib/java
2016-06-22 15:48:33.797+0000 INFO  [o.n.k.i.DiagnosticsManager] /Applications/Neo4j Community Edition.app/Contents/Resources/app/bin
2016-06-22 15:48:33.798+0000 INFO  [o.n.k.i.DiagnosticsManager] System.properties:
2016-06-22 15:48:33.798+0000 INFO  [o.n.k.i.DiagnosticsManager] exe4j.moduleName = /Applications/Neo4j Community Edition.app
2016-06-22 15:48:33.798+0000 INFO  [o.n.k.i.DiagnosticsManager] sun.boot.library.path = /Applications/Neo4j Community Edition.app/Contents/Resources/jre.bundle/Contents/Home/jre/lib
2016-06-22 15:48:33.798+0000 INFO  [o.n.k.i.DiagnosticsManager] i4j.jreBundle = /Applications/Neo4j Community Edition.app/Contents/Resources/jre.bundle
2016-06-22 15:48:33.798+0000 INFO  [o.n.k.i.DiagnosticsManager] gopherProxySet = false
2016-06-22 15:48:33.798+0000 INFO  [o.n.k.i.DiagnosticsManager] path.separator = :
2016-06-22 15:48:33.798+0000 INFO  [o.n.k.i.DiagnosticsManager] file.encoding.pkg = sun.io
2016-06-22 15:48:33.798+0000 INFO  [o.n.k.i.DiagnosticsManager] user.country = US
2016-06-22 15:48:33.798+0000 INFO  [o.n.k.i.DiagnosticsManager] sun.java.launcher = SUN_STANDARD
2016-06-22 15:48:33.798+0000 INFO  [o.n.k.i.DiagnosticsManager] sun.os.patch.level = unknown
2016-06-22 15:48:33.798+0000 INFO  [o.n.k.i.DiagnosticsManager] install4j.exeDir = /Applications/
2016-06-22 15:48:33.798+0000 INFO  [o.n.k.i.DiagnosticsManager] user.dir = /Applications/Neo4j Community Edition.app/Contents/Resources/app/bin
2016-06-22 15:48:33.798+0000 INFO  [o.n.k.i.DiagnosticsManager] i4j.ownBundlePath = /Applications/Neo4j Community Edition.app
2016-06-22 15:48:33.798+0000 INFO  [o.n.k.i.DiagnosticsManager] sun.jnu.encoding = UTF-8
2016-06-22 15:48:33.798+0000 INFO  [o.n.k.i.DiagnosticsManager] sun.nio.ch.bugLevel = 
2016-06-22 15:48:33.798+0000 INFO  [o.n.k.i.DiagnosticsManager] unsupported.dbms.udc.source = desktop
2016-06-22 15:48:33.798+0000 INFO  [o.n.k.i.DiagnosticsManager] sun.awt.enableExtraMouseButtons = true
2016-06-22 15:48:33.798+0000 INFO  [o.n.k.i.DiagnosticsManager] install4j.launcherId = 24
2016-06-22 15:48:33.798+0000 INFO  [o.n.k.i.DiagnosticsManager] sun.management.compiler = HotSpot 64-Bit Tiered Compilers
2016-06-22 15:48:33.798+0000 INFO  [o.n.k.i.DiagnosticsManager] install4j.swt = false
2016-06-22 15:48:33.798+0000 INFO  [o.n.k.i.DiagnosticsManager] apple.awt.fileDialogForDirectories = false
2016-06-22 15:48:33.798+0000 INFO  [o.n.k.i.DiagnosticsManager] http.nonProxyHosts = local|*.local|169.254/16|*.169.254/16
2016-06-22 15:48:33.798+0000 INFO  [o.n.k.i.DiagnosticsManager] user.home = /Users/a1197564
2016-06-22 15:48:33.798+0000 INFO  [o.n.k.i.DiagnosticsManager] user.timezone = America/Chicago
2016-06-22 15:48:33.798+0000 INFO  [o.n.k.i.DiagnosticsManager] file.encoding = UTF-8
2016-06-22 15:48:33.798+0000 INFO  [o.n.k.i.DiagnosticsManager] user.name = a1197564
2016-06-22 15:48:33.798+0000 INFO  [o.n.k.i.DiagnosticsManager] sun.java.command = com.install4j.runtime.launcher.MacLauncher
2016-06-22 15:48:33.798+0000 INFO  [o.n.k.i.DiagnosticsManager] sun.arch.data.model = 64
2016-06-22 15:48:33.798+0000 INFO  [o.n.k.i.DiagnosticsManager] user.language = en
2016-06-22 15:48:33.798+0000 INFO  [o.n.k.i.DiagnosticsManager] awt.toolkit = sun.lwawt.macosx.LWCToolkit
2016-06-22 15:48:33.798+0000 INFO  [o.n.k.i.DiagnosticsManager] install4j.appDir = /Applications/Neo4j Community Edition.app/Contents/Resources/app/
2016-06-22 15:48:33.798+0000 INFO  [o.n.k.i.DiagnosticsManager] file.separator = /
2016-06-22 15:48:33.798+0000 INFO  [o.n.k.i.DiagnosticsManager] sun.font.fontmanager = sun.font.CFontManager
2016-06-22 15:48:33.798+0000 INFO  [o.n.k.i.DiagnosticsManager] sun.io.unicode.encoding = UnicodeBig
2016-06-22 15:48:33.798+0000 INFO  [o.n.k.i.DiagnosticsManager] sun.cpu.endian = little
2016-06-22 15:48:33.798+0000 INFO  [o.n.k.i.DiagnosticsManager] socksNonProxyHosts = local|*.local|169.254/16|*.169.254/16
2016-06-22 15:48:33.798+0000 INFO  [o.n.k.i.DiagnosticsManager] ftp.nonProxyHosts = local|*.local|169.254/16|*.169.254/16
2016-06-22 15:48:33.798+0000 INFO  [o.n.k.i.DiagnosticsManager] sun.cpu.isalist = 
2016-06-22 15:48:33.798+0000 INFO  [o.n.k.i.DiagnosticsManager] Network information:
2016-06-22 15:48:33.799+0000 INFO  [o.n.k.i.DiagnosticsManager] Interface awdl0:
2016-06-22 15:48:33.799+0000 INFO  [o.n.k.i.DiagnosticsManager]     address: fe80:0:0:0:90f0:b0ff:fe2a:be93%awdl0
2016-06-22 15:48:33.799+0000 INFO  [o.n.k.i.DiagnosticsManager] Interface en0:
2016-06-22 15:48:33.799+0000 INFO  [o.n.k.i.DiagnosticsManager]     address: fe80:0:0:0:9a5a:ebff:fe89:ba22%en0
2016-06-22 15:48:33.799+0000 INFO  [o.n.k.i.DiagnosticsManager]     address: 172.20.128.217
2016-06-22 15:48:33.799+0000 INFO  [o.n.k.i.DiagnosticsManager] Interface lo0:
2016-06-22 15:48:33.799+0000 INFO  [o.n.k.i.DiagnosticsManager]     address: fe80:0:0:0:0:0:0:1%lo0
2016-06-22 15:48:33.799+0000 INFO  [o.n.k.i.DiagnosticsManager]     address: 0:0:0:0:0:0:0:1
2016-06-22 15:48:33.799+0000 INFO  [o.n.k.i.DiagnosticsManager]     address: 127.0.0.1
2016-06-22 15:48:33.799+0000 INFO  [o.n.k.i.DiagnosticsManager] --- INITIALIZED diagnostics END ---
2016-06-22 15:48:33.800+0000 INFO  [o.n.b.v.r.Sessions] No SSL certificate found, generating a self-signed certificate..
2016-06-22 15:48:33.895+0000 INFO  [o.n.b.v.r.Sessions] Bolt Server extension loaded.
2016-06-22 15:48:33.895+0000 INFO  [o.n.b.v.r.Sessions] Bolt enabled on localhost:7687.
2016-06-22 15:48:34.101+0000 INFO  [o.n.k.i.DatabaseHealth] Database health set to OK
2016-06-22 15:48:34.108+0000 INFO  [o.n.k.i.t.l.c.CheckPointerImpl] Check Pointing triggered by database shutdown [1]:  Starting check pointing...
2016-06-22 15:48:34.108+0000 INFO  [o.n.k.i.t.l.c.CheckPointerImpl] Check Pointing triggered by database shutdown [1]:  Starting store flush...
2016-06-22 15:48:34.109+0000 INFO  [o.n.k.i.t.l.c.CheckPointerImpl] Check Pointing triggered by database shutdown [1]:  Store flush completed
2016-06-22 15:48:34.109+0000 INFO  [o.n.k.i.t.l.c.CheckPointerImpl] Check Pointing triggered by database shutdown [1]:  Starting appending check point entry into the tx log...
2016-06-22 15:48:34.109+0000 INFO  [o.n.k.i.t.l.c.CheckPointerImpl] Check Pointing triggered by database shutdown [1]:  Appending check point entry into the tx log completed
2016-06-22 15:48:34.109+0000 INFO  [o.n.k.i.t.l.c.CheckPointerImpl] Check Pointing triggered by database shutdown [1]:  Check pointing completed
2016-06-22 15:48:34.109+0000 INFO  [o.n.k.i.t.l.p.LogPruningImpl] Log Rotation [0]:  Starting log pruning.
2016-06-22 15:48:34.109+0000 INFO  [o.n.k.i.t.l.p.LogPruningImpl] Log Rotation [0]:  Log pruning complete.
2016-06-22 15:48:34.115+0000 INFO  [o.n.k.i.DiagnosticsManager] --- STOPPING diagnostics START ---
2016-06-22 15:48:34.115+0000 INFO  [o.n.k.i.DiagnosticsManager] --- STOPPING diagnostics END ---
2016-06-22 15:48:34.116+0000 INFO  [o.n.k.i.f.CommunityFacadeFactory] Shutdown started
